<?xml version="1.0" encoding="UTF-8"?>
<!-- Generated by org.testng.reporters.JUnitReportReporter -->
<testsuite hostname="hp-PC" name="org.testing.testScripts.TC1" tests="1" failures="0" timestamp="19 Dec 2018 09:45:57 GMT" time="34.320" errors="0">
  <testcase name="tc1" time="34.320" classname="org.testing.testScripts.TC1"/>
</testsuite> <!-- org.testing.testScripts.TC1 -->
