<?xml version="1.0" encoding="UTF-8"?>
<!-- Generated by org.testng.reporters.JUnitReportReporter -->
<testsuite hostname="hp-PC" name="org.testing.testScripts.TC3" tests="1" failures="0" timestamp="19 Dec 2018 09:51:15 GMT" time="45.576" errors="0">
  <testcase name="tc3" time="45.576" classname="org.testing.testScripts.TC3"/>
</testsuite> <!-- org.testing.testScripts.TC3 -->
