<?xml version="1.0" encoding="UTF-8"?>
<!-- Generated by org.testng.reporters.JUnitReportReporter -->
<testsuite hostname="hp-PC" name="org.testing.testScripts.TC4" tests="1" failures="0" timestamp="19 Dec 2018 09:53:48 GMT" time="47.480" errors="0">
  <testcase name="tc4" time="47.480" classname="org.testing.testScripts.TC4"/>
</testsuite> <!-- org.testing.testScripts.TC4 -->
