<?xml version="1.0" encoding="UTF-8"?>
<!-- Generated by org.testng.reporters.JUnitReportReporter -->
<testsuite hostname="hp-PC" name="org.testing.testScripts.test" tests="1" failures="0" timestamp="13 Dec 2018 06:06:58 GMT" time="36.472" errors="0">
  <testcase name="test4" time="36.472" classname="org.testing.testScripts.test"/>
</testsuite> <!-- org.testing.testScripts.test -->
