<?xml version="1.0" encoding="UTF-8"?>
<!-- Generated by org.testng.reporters.JUnitReportReporter -->
<testsuite hostname="hp-PC" name="org.testing.testScripts.TC2" tests="1" failures="0" timestamp="19 Dec 2018 09:48:43 GMT" time="35.154" errors="0">
  <testcase name="tc2" time="35.154" classname="org.testing.testScripts.TC2"/>
</testsuite> <!-- org.testing.testScripts.TC2 -->
